\BOOKMARK [1][-]{section.1}{Approche th\351orique du r\351chauffement climatique}{}
\BOOKMARK [2][-]{subsection.1.1}{Les concepts \340 savoir sur le r\351chauffement climatique}{section.1}
\BOOKMARK [2][-]{subsection.1.2}{L\220impact et le danger li\351s au r\351chauffement climatique}{section.1}
\BOOKMARK [2][-]{subsection.1.3}{Les cons\351quences en France}{section.1}
\BOOKMARK [1][-]{section.2}{La position de la soci\351t\351 fran\347aise}{}
\BOOKMARK [2][-]{subsection.2.1}{Les \351cologistes}{section.2}
\BOOKMARK [2][-]{subsection.2.2}{La soci\351t\351 en g\351n\351ral}{section.2}
\BOOKMARK [2][-]{subsection.2.3}{Les entreprises}{section.2}
\BOOKMARK [1][-]{section.3}{La position de la France dans le monde}{}
\BOOKMARK [2][-]{subsection.3.1}{L\220avis du gouvernement Fran\347ais}{section.3}
\BOOKMARK [2][-]{subsection.3.2}{Loi et taxes}{section.3}
\BOOKMARK [3][-]{subsubsection.3.2.1}{La taxe carbone}{subsection.3.2}
\BOOKMARK [3][-]{subsubsection.3.2.2}{La loi sur l\220eau et les milieux aquatiques \(LEMA\)}{subsection.3.2}
\BOOKMARK [3][-]{subsubsection.3.2.3}{Taxe sur des \351missions des secteurs maritimes et des transports a\351riens}{subsection.3.2}
\BOOKMARK [2][-]{subsection.3.3}{Les trait\351s internationaux}{section.3}
\BOOKMARK [3][-]{subsubsection.3.3.1}{Le protocole de Kyoto}{subsection.3.3}
\BOOKMARK [3][-]{subsubsection.3.3.2}{Le sommet \340 Copenhague}{subsection.3.3}
\BOOKMARK [3][-]{subsubsection.3.3.3}{L\220accord au sommet de Cancun sur le climat}{subsection.3.3}
\BOOKMARK [3][-]{subsubsection.3.3.4}{La conf\351rence annuelle des Nations-Unies sur le climat de Durban}{subsection.3.3}
\BOOKMARK [1][-]{section.4}{Analyse des solutions propos\351s par chaque partie}{}
\BOOKMARK [2][-]{subsection.4.1}{Pr\351sentation des solutions}{section.4}
\BOOKMARK [2][-]{subsection.4.2}{Comparaison des solutions et son impact dans la soci\351t\351}{section.4}
